TensorBoard 1.10.0 at http://tricky:6006 (Press CTRL+C to quit)
W0917 20:22:58.385652 Reloader tf_logging.py:120] Found more than one graph event per run, or there was a metagraph containing a graph_def, as well as one or more graph events.  Overwriting the graph with the newest event.
W0917 20:22:58.385652 140046945683200 tf_logging.py:120] Found more than one graph event per run, or there was a metagraph containing a graph_def, as well as one or more graph events.  Overwriting the graph with the newest event.
W0917 20:22:58.432394 Reloader tf_logging.py:120] Found more than one metagraph event per run. Overwriting the metagraph with the newest event.
W0917 20:22:58.432394 140046945683200 tf_logging.py:120] Found more than one metagraph event per run. Overwriting the metagraph with the newest event.
W0917 20:22:58.442363 Reloader tf_logging.py:120] Detected out of order event.step likely caused by a TensorFlow restart. Purging 14 expired tensor events from Tensorboard display between the previous step: 5901 (timestamp: 1537227490.4272022) and current step: 5814 (timestamp: 1537227910.5619712).
W0917 20:22:58.442363 140046945683200 tf_logging.py:120] Detected out of order event.step likely caused by a TensorFlow restart. Purging 14 expired tensor events from Tensorboard display between the previous step: 5901 (timestamp: 1537227490.4272022) and current step: 5814 (timestamp: 1537227910.5619712).
W0917 20:22:58.807097 Reloader tf_logging.py:120] Found more than one graph event per run, or there was a metagraph containing a graph_def, as well as one or more graph events.  Overwriting the graph with the newest event.
W0917 20:22:58.807097 140046945683200 tf_logging.py:120] Found more than one graph event per run, or there was a metagraph containing a graph_def, as well as one or more graph events.  Overwriting the graph with the newest event.
W0917 20:22:58.842869 Reloader tf_logging.py:120] Found more than one metagraph event per run. Overwriting the metagraph with the newest event.
W0917 20:22:58.842869 140046945683200 tf_logging.py:120] Found more than one metagraph event per run. Overwriting the metagraph with the newest event.
W0917 20:22:58.845760 Reloader tf_logging.py:120] Detected out of order event.step likely caused by a TensorFlow restart. Purging 14 expired tensor events from Tensorboard display between the previous step: 13501 (timestamp: 1536176418.6806629) and current step: 13414 (timestamp: 1536187825.0620682).
W0917 20:22:58.845760 140046945683200 tf_logging.py:120] Detected out of order event.step likely caused by a TensorFlow restart. Purging 14 expired tensor events from Tensorboard display between the previous step: 13501 (timestamp: 1536176418.6806629) and current step: 13414 (timestamp: 1536187825.0620682).
W0917 20:23:05.422963 Reloader tf_logging.py:120] Found more than one graph event per run, or there was a metagraph containing a graph_def, as well as one or more graph events.  Overwriting the graph with the newest event.
W0917 20:23:05.422963 140046945683200 tf_logging.py:120] Found more than one graph event per run, or there was a metagraph containing a graph_def, as well as one or more graph events.  Overwriting the graph with the newest event.
W0917 20:23:05.473876 Reloader tf_logging.py:120] Found more than one metagraph event per run. Overwriting the metagraph with the newest event.
W0917 20:23:05.473876 140046945683200 tf_logging.py:120] Found more than one metagraph event per run. Overwriting the metagraph with the newest event.
W0917 20:23:05.527366 Reloader tf_logging.py:120] Found more than one graph event per run, or there was a metagraph containing a graph_def, as well as one or more graph events.  Overwriting the graph with the newest event.
W0917 20:23:05.527365 140046945683200 tf_logging.py:120] Found more than one graph event per run, or there was a metagraph containing a graph_def, as well as one or more graph events.  Overwriting the graph with the newest event.
W0917 20:23:05.558963 Reloader tf_logging.py:120] Found more than one metagraph event per run. Overwriting the metagraph with the newest event.
W0917 20:23:05.558963 140046945683200 tf_logging.py:120] Found more than one metagraph event per run. Overwriting the metagraph with the newest event.
W0917 20:23:05.589923 Reloader tf_logging.py:120] Found more than one graph event per run, or there was a metagraph containing a graph_def, as well as one or more graph events.  Overwriting the graph with the newest event.
W0917 20:23:05.589923 140046945683200 tf_logging.py:120] Found more than one graph event per run, or there was a metagraph containing a graph_def, as well as one or more graph events.  Overwriting the graph with the newest event.
W0917 20:23:05.608747 Reloader tf_logging.py:120] Found more than one metagraph event per run. Overwriting the metagraph with the newest event.
W0917 20:23:05.608747 140046945683200 tf_logging.py:120] Found more than one metagraph event per run. Overwriting the metagraph with the newest event.
W0917 20:23:05.681578 Reloader tf_logging.py:120] Found more than one graph event per run, or there was a metagraph containing a graph_def, as well as one or more graph events.  Overwriting the graph with the newest event.
W0917 20:23:05.681578 140046945683200 tf_logging.py:120] Found more than one graph event per run, or there was a metagraph containing a graph_def, as well as one or more graph events.  Overwriting the graph with the newest event.
W0917 20:23:05.708106 Reloader tf_logging.py:120] Found more than one metagraph event per run. Overwriting the metagraph with the newest event.
W0917 20:23:05.708106 140046945683200 tf_logging.py:120] Found more than one metagraph event per run. Overwriting the metagraph with the newest event.
W0917 20:23:05.747813 Reloader tf_logging.py:120] Found more than one graph event per run, or there was a metagraph containing a graph_def, as well as one or more graph events.  Overwriting the graph with the newest event.
W0917 20:23:05.747813 140046945683200 tf_logging.py:120] Found more than one graph event per run, or there was a metagraph containing a graph_def, as well as one or more graph events.  Overwriting the graph with the newest event.
W0917 20:23:05.772858 Reloader tf_logging.py:120] Found more than one metagraph event per run. Overwriting the metagraph with the newest event.
W0917 20:23:05.772858 140046945683200 tf_logging.py:120] Found more than one metagraph event per run. Overwriting the metagraph with the newest event.
W0917 20:23:05.791726 Reloader tf_logging.py:120] Found more than one graph event per run, or there was a metagraph containing a graph_def, as well as one or more graph events.  Overwriting the graph with the newest event.
W0917 20:23:05.791726 140046945683200 tf_logging.py:120] Found more than one graph event per run, or there was a metagraph containing a graph_def, as well as one or more graph events.  Overwriting the graph with the newest event.
W0917 20:23:05.817439 Reloader tf_logging.py:120] Found more than one metagraph event per run. Overwriting the metagraph with the newest event.
W0917 20:23:05.817439 140046945683200 tf_logging.py:120] Found more than one metagraph event per run. Overwriting the metagraph with the newest event.
W0917 20:23:05.946075 Reloader tf_logging.py:120] Found more than one graph event per run, or there was a metagraph containing a graph_def, as well as one or more graph events.  Overwriting the graph with the newest event.
W0917 20:23:05.946075 140046945683200 tf_logging.py:120] Found more than one graph event per run, or there was a metagraph containing a graph_def, as well as one or more graph events.  Overwriting the graph with the newest event.
W0917 20:23:05.956007 Reloader tf_logging.py:120] Found more than one metagraph event per run. Overwriting the metagraph with the newest event.
W0917 20:23:05.956007 140046945683200 tf_logging.py:120] Found more than one metagraph event per run. Overwriting the metagraph with the newest event.
W0917 20:23:13.972807 Reloader tf_logging.py:120] Found more than one graph event per run, or there was a metagraph containing a graph_def, as well as one or more graph events.  Overwriting the graph with the newest event.
W0917 20:23:13.972807 140046945683200 tf_logging.py:120] Found more than one graph event per run, or there was a metagraph containing a graph_def, as well as one or more graph events.  Overwriting the graph with the newest event.
W0917 20:23:13.984145 Reloader tf_logging.py:120] Found more than one metagraph event per run. Overwriting the metagraph with the newest event.
W0917 20:23:13.984145 140046945683200 tf_logging.py:120] Found more than one metagraph event per run. Overwriting the metagraph with the newest event.
W0917 20:23:14.529222 Reloader tf_logging.py:120] Found more than one graph event per run, or there was a metagraph containing a graph_def, as well as one or more graph events.  Overwriting the graph with the newest event.
W0917 20:23:14.529222 140046945683200 tf_logging.py:120] Found more than one graph event per run, or there was a metagraph containing a graph_def, as well as one or more graph events.  Overwriting the graph with the newest event.
W0917 20:23:14.566800 Reloader tf_logging.py:120] Found more than one metagraph event per run. Overwriting the metagraph with the newest event.
W0917 20:23:14.566800 140046945683200 tf_logging.py:120] Found more than one metagraph event per run. Overwriting the metagraph with the newest event.
W0917 20:23:14.569543 Reloader tf_logging.py:120] Detected out of order event.step likely caused by a TensorFlow restart. Purging 14 expired tensor events from Tensorboard display between the previous step: 13501 (timestamp: 1536176417.2034173) and current step: 13412 (timestamp: 1536187823.3063376).
W0917 20:23:14.569543 140046945683200 tf_logging.py:120] Detected out of order event.step likely caused by a TensorFlow restart. Purging 14 expired tensor events from Tensorboard display between the previous step: 13501 (timestamp: 1536176417.2034173) and current step: 13412 (timestamp: 1536187823.3063376).
W0917 20:23:19.497357 Reloader tf_logging.py:120] Found more than one graph event per run, or there was a metagraph containing a graph_def, as well as one or more graph events.  Overwriting the graph with the newest event.
W0917 20:23:19.497356 140046945683200 tf_logging.py:120] Found more than one graph event per run, or there was a metagraph containing a graph_def, as well as one or more graph events.  Overwriting the graph with the newest event.
W0917 20:23:19.514255 Reloader tf_logging.py:120] Found more than one metagraph event per run. Overwriting the metagraph with the newest event.
W0917 20:23:19.514255 140046945683200 tf_logging.py:120] Found more than one metagraph event per run. Overwriting the metagraph with the newest event.
W0917 20:23:19.590855 Reloader tf_logging.py:120] Found more than one graph event per run, or there was a metagraph containing a graph_def, as well as one or more graph events.  Overwriting the graph with the newest event.
W0917 20:23:19.590855 140046945683200 tf_logging.py:120] Found more than one graph event per run, or there was a metagraph containing a graph_def, as well as one or more graph events.  Overwriting the graph with the newest event.
W0917 20:23:19.641722 Reloader tf_logging.py:120] Found more than one metagraph event per run. Overwriting the metagraph with the newest event.
W0917 20:23:19.641722 140046945683200 tf_logging.py:120] Found more than one metagraph event per run. Overwriting the metagraph with the newest event.
W0917 20:23:19.687732 Reloader tf_logging.py:120] Found more than one graph event per run, or there was a metagraph containing a graph_def, as well as one or more graph events.  Overwriting the graph with the newest event.
W0917 20:23:19.687732 140046945683200 tf_logging.py:120] Found more than one graph event per run, or there was a metagraph containing a graph_def, as well as one or more graph events.  Overwriting the graph with the newest event.
W0917 20:23:19.700859 Reloader tf_logging.py:120] Found more than one metagraph event per run. Overwriting the metagraph with the newest event.
W0917 20:23:19.700859 140046945683200 tf_logging.py:120] Found more than one metagraph event per run. Overwriting the metagraph with the newest event.
W0917 20:23:21.945454 Reloader tf_logging.py:120] Found more than one graph event per run, or there was a metagraph containing a graph_def, as well as one or more graph events.  Overwriting the graph with the newest event.
W0917 20:23:21.945454 140046945683200 tf_logging.py:120] Found more than one graph event per run, or there was a metagraph containing a graph_def, as well as one or more graph events.  Overwriting the graph with the newest event.
W0917 20:23:21.981482 Reloader tf_logging.py:120] Found more than one metagraph event per run. Overwriting the metagraph with the newest event.
W0917 20:23:21.981482 140046945683200 tf_logging.py:120] Found more than one metagraph event per run. Overwriting the metagraph with the newest event.
W0917 20:23:25.257386 Reloader tf_logging.py:120] Found more than one graph event per run, or there was a metagraph containing a graph_def, as well as one or more graph events.  Overwriting the graph with the newest event.
W0917 20:23:25.257386 140046945683200 tf_logging.py:120] Found more than one graph event per run, or there was a metagraph containing a graph_def, as well as one or more graph events.  Overwriting the graph with the newest event.
W0917 20:23:25.266590 Reloader tf_logging.py:120] Found more than one metagraph event per run. Overwriting the metagraph with the newest event.
W0917 20:23:25.266590 140046945683200 tf_logging.py:120] Found more than one metagraph event per run. Overwriting the metagraph with the newest event.
W0917 20:23:25.331801 Reloader tf_logging.py:120] Found more than one graph event per run, or there was a metagraph containing a graph_def, as well as one or more graph events.  Overwriting the graph with the newest event.
W0917 20:23:25.331801 140046945683200 tf_logging.py:120] Found more than one graph event per run, or there was a metagraph containing a graph_def, as well as one or more graph events.  Overwriting the graph with the newest event.
W0917 20:23:25.370967 Reloader tf_logging.py:120] Found more than one metagraph event per run. Overwriting the metagraph with the newest event.
W0917 20:23:25.370967 140046945683200 tf_logging.py:120] Found more than one metagraph event per run. Overwriting the metagraph with the newest event.
W0917 20:23:25.408442 Reloader tf_logging.py:120] Found more than one graph event per run, or there was a metagraph containing a graph_def, as well as one or more graph events.  Overwriting the graph with the newest event.
W0917 20:23:25.408442 140046945683200 tf_logging.py:120] Found more than one graph event per run, or there was a metagraph containing a graph_def, as well as one or more graph events.  Overwriting the graph with the newest event.
W0917 20:23:25.418240 Reloader tf_logging.py:120] Found more than one metagraph event per run. Overwriting the metagraph with the newest event.
W0917 20:23:25.418240 140046945683200 tf_logging.py:120] Found more than one metagraph event per run. Overwriting the metagraph with the newest event.
W0917 20:23:25.705776 Reloader tf_logging.py:120] Found more than one graph event per run, or there was a metagraph containing a graph_def, as well as one or more graph events.  Overwriting the graph with the newest event.
W0917 20:23:25.705776 140046945683200 tf_logging.py:120] Found more than one graph event per run, or there was a metagraph containing a graph_def, as well as one or more graph events.  Overwriting the graph with the newest event.
W0917 20:23:25.722894 Reloader tf_logging.py:120] Found more than one metagraph event per run. Overwriting the metagraph with the newest event.
W0917 20:23:25.722893 140046945683200 tf_logging.py:120] Found more than one metagraph event per run. Overwriting the metagraph with the newest event.
W0917 20:23:27.685607 Reloader tf_logging.py:120] Found more than one graph event per run, or there was a metagraph containing a graph_def, as well as one or more graph events.  Overwriting the graph with the newest event.
W0917 20:23:27.685606 140046945683200 tf_logging.py:120] Found more than one graph event per run, or there was a metagraph containing a graph_def, as well as one or more graph events.  Overwriting the graph with the newest event.
W0917 20:23:27.702411 Reloader tf_logging.py:120] Found more than one metagraph event per run. Overwriting the metagraph with the newest event.
W0917 20:23:27.702411 140046945683200 tf_logging.py:120] Found more than one metagraph event per run. Overwriting the metagraph with the newest event.
W0917 20:23:28.023287 Reloader tf_logging.py:120] Found more than one graph event per run, or there was a metagraph containing a graph_def, as well as one or more graph events.  Overwriting the graph with the newest event.
W0917 20:23:28.023287 140046945683200 tf_logging.py:120] Found more than one graph event per run, or there was a metagraph containing a graph_def, as well as one or more graph events.  Overwriting the graph with the newest event.
W0917 20:23:28.038052 Reloader tf_logging.py:120] Found more than one metagraph event per run. Overwriting the metagraph with the newest event.
W0917 20:23:28.038052 140046945683200 tf_logging.py:120] Found more than one metagraph event per run. Overwriting the metagraph with the newest event.
W0917 20:23:28.547307 Reloader tf_logging.py:120] Found more than one graph event per run, or there was a metagraph containing a graph_def, as well as one or more graph events.  Overwriting the graph with the newest event.
W0917 20:23:28.547307 140046945683200 tf_logging.py:120] Found more than one graph event per run, or there was a metagraph containing a graph_def, as well as one or more graph events.  Overwriting the graph with the newest event.
W0917 20:23:28.578563 Reloader tf_logging.py:120] Found more than one metagraph event per run. Overwriting the metagraph with the newest event.
W0917 20:23:28.578563 140046945683200 tf_logging.py:120] Found more than one metagraph event per run. Overwriting the metagraph with the newest event.
W0917 20:23:33.566517 Reloader tf_logging.py:120] Found more than one graph event per run, or there was a metagraph containing a graph_def, as well as one or more graph events.  Overwriting the graph with the newest event.
W0917 20:23:33.566517 140046945683200 tf_logging.py:120] Found more than one graph event per run, or there was a metagraph containing a graph_def, as well as one or more graph events.  Overwriting the graph with the newest event.
W0917 20:23:33.588994 Reloader tf_logging.py:120] Found more than one metagraph event per run. Overwriting the metagraph with the newest event.
W0917 20:23:33.588994 140046945683200 tf_logging.py:120] Found more than one metagraph event per run. Overwriting the metagraph with the newest event.
W0917 20:23:33.656774 Reloader tf_logging.py:120] Found more than one graph event per run, or there was a metagraph containing a graph_def, as well as one or more graph events.  Overwriting the graph with the newest event.
W0917 20:23:33.656774 140046945683200 tf_logging.py:120] Found more than one graph event per run, or there was a metagraph containing a graph_def, as well as one or more graph events.  Overwriting the graph with the newest event.
W0917 20:23:33.696371 Reloader tf_logging.py:120] Found more than one metagraph event per run. Overwriting the metagraph with the newest event.
W0917 20:23:33.696371 140046945683200 tf_logging.py:120] Found more than one metagraph event per run. Overwriting the metagraph with the newest event.
W0917 20:23:33.735857 Reloader tf_logging.py:120] Found more than one graph event per run, or there was a metagraph containing a graph_def, as well as one or more graph events.  Overwriting the graph with the newest event.
W0917 20:23:33.735857 140046945683200 tf_logging.py:120] Found more than one graph event per run, or there was a metagraph containing a graph_def, as well as one or more graph events.  Overwriting the graph with the newest event.
W0917 20:23:33.758587 Reloader tf_logging.py:120] Found more than one metagraph event per run. Overwriting the metagraph with the newest event.
W0917 20:23:33.758587 140046945683200 tf_logging.py:120] Found more than one metagraph event per run. Overwriting the metagraph with the newest event.
W0917 20:23:34.054502 Reloader tf_logging.py:120] Found more than one graph event per run, or there was a metagraph containing a graph_def, as well as one or more graph events.  Overwriting the graph with the newest event.
W0917 20:23:34.054502 140046945683200 tf_logging.py:120] Found more than one graph event per run, or there was a metagraph containing a graph_def, as well as one or more graph events.  Overwriting the graph with the newest event.
W0917 20:23:34.071705 Reloader tf_logging.py:120] Found more than one metagraph event per run. Overwriting the metagraph with the newest event.
W0917 20:23:34.071705 140046945683200 tf_logging.py:120] Found more than one metagraph event per run. Overwriting the metagraph with the newest event.
W0917 20:23:34.140993 Reloader tf_logging.py:120] Found more than one graph event per run, or there was a metagraph containing a graph_def, as well as one or more graph events.  Overwriting the graph with the newest event.
W0917 20:23:34.140993 140046945683200 tf_logging.py:120] Found more than one graph event per run, or there was a metagraph containing a graph_def, as well as one or more graph events.  Overwriting the graph with the newest event.
W0917 20:23:34.184889 Reloader tf_logging.py:120] Found more than one metagraph event per run. Overwriting the metagraph with the newest event.
W0917 20:23:34.184889 140046945683200 tf_logging.py:120] Found more than one metagraph event per run. Overwriting the metagraph with the newest event.
W0917 20:23:34.223056 Reloader tf_logging.py:120] Found more than one graph event per run, or there was a metagraph containing a graph_def, as well as one or more graph events.  Overwriting the graph with the newest event.
W0917 20:23:34.223056 140046945683200 tf_logging.py:120] Found more than one graph event per run, or there was a metagraph containing a graph_def, as well as one or more graph events.  Overwriting the graph with the newest event.
W0917 20:23:34.232694 Reloader tf_logging.py:120] Found more than one metagraph event per run. Overwriting the metagraph with the newest event.
W0917 20:23:34.232694 140046945683200 tf_logging.py:120] Found more than one metagraph event per run. Overwriting the metagraph with the newest event.
W0917 20:23:34.538873 Reloader tf_logging.py:120] Found more than one graph event per run, or there was a metagraph containing a graph_def, as well as one or more graph events.  Overwriting the graph with the newest event.
W0917 20:23:34.538873 140046945683200 tf_logging.py:120] Found more than one graph event per run, or there was a metagraph containing a graph_def, as well as one or more graph events.  Overwriting the graph with the newest event.
W0917 20:23:34.553044 Reloader tf_logging.py:120] Found more than one metagraph event per run. Overwriting the metagraph with the newest event.
W0917 20:23:34.553044 140046945683200 tf_logging.py:120] Found more than one metagraph event per run. Overwriting the metagraph with the newest event.
W0917 20:23:34.632749 Reloader tf_logging.py:120] Found more than one graph event per run, or there was a metagraph containing a graph_def, as well as one or more graph events.  Overwriting the graph with the newest event.
W0917 20:23:34.632749 140046945683200 tf_logging.py:120] Found more than one graph event per run, or there was a metagraph containing a graph_def, as well as one or more graph events.  Overwriting the graph with the newest event.
W0917 20:23:34.679747 Reloader tf_logging.py:120] Found more than one metagraph event per run. Overwriting the metagraph with the newest event.
W0917 20:23:34.679747 140046945683200 tf_logging.py:120] Found more than one metagraph event per run. Overwriting the metagraph with the newest event.
W0917 20:23:34.726520 Reloader tf_logging.py:120] Found more than one graph event per run, or there was a metagraph containing a graph_def, as well as one or more graph events.  Overwriting the graph with the newest event.
W0917 20:23:34.726520 140046945683200 tf_logging.py:120] Found more than one graph event per run, or there was a metagraph containing a graph_def, as well as one or more graph events.  Overwriting the graph with the newest event.
W0917 20:23:34.744013 Reloader tf_logging.py:120] Found more than one metagraph event per run. Overwriting the metagraph with the newest event.
W0917 20:23:34.744013 140046945683200 tf_logging.py:120] Found more than one metagraph event per run. Overwriting the metagraph with the newest event.
W0917 20:23:35.181783 Reloader tf_logging.py:120] Found more than one graph event per run, or there was a metagraph containing a graph_def, as well as one or more graph events.  Overwriting the graph with the newest event.
W0917 20:23:35.181782 140046945683200 tf_logging.py:120] Found more than one graph event per run, or there was a metagraph containing a graph_def, as well as one or more graph events.  Overwriting the graph with the newest event.
W0917 20:23:35.212477 Reloader tf_logging.py:120] Found more than one metagraph event per run. Overwriting the metagraph with the newest event.
W0917 20:23:35.212477 140046945683200 tf_logging.py:120] Found more than one metagraph event per run. Overwriting the metagraph with the newest event.
W0917 20:23:35.215741 Reloader tf_logging.py:120] Detected out of order event.step likely caused by a TensorFlow restart. Purging 28 expired tensor events from Tensorboard display between the previous step: 13501 (timestamp: 1536176432.1778126) and current step: 13400 (timestamp: 1536187824.198485).
W0917 20:23:35.215741 140046945683200 tf_logging.py:120] Detected out of order event.step likely caused by a TensorFlow restart. Purging 28 expired tensor events from Tensorboard display between the previous step: 13501 (timestamp: 1536176432.1778126) and current step: 13400 (timestamp: 1536187824.198485).
W0917 20:23:36.487157 Reloader tf_logging.py:120] Found more than one graph event per run, or there was a metagraph containing a graph_def, as well as one or more graph events.  Overwriting the graph with the newest event.
W0917 20:23:36.487157 140046945683200 tf_logging.py:120] Found more than one graph event per run, or there was a metagraph containing a graph_def, as well as one or more graph events.  Overwriting the graph with the newest event.
W0917 20:23:36.502429 Reloader tf_logging.py:120] Found more than one metagraph event per run. Overwriting the metagraph with the newest event.
W0917 20:23:36.502429 140046945683200 tf_logging.py:120] Found more than one metagraph event per run. Overwriting the metagraph with the newest event.
W0917 20:23:36.567615 Reloader tf_logging.py:120] Found more than one graph event per run, or there was a metagraph containing a graph_def, as well as one or more graph events.  Overwriting the graph with the newest event.
W0917 20:23:36.567615 140046945683200 tf_logging.py:120] Found more than one graph event per run, or there was a metagraph containing a graph_def, as well as one or more graph events.  Overwriting the graph with the newest event.
W0917 20:23:36.607221 Reloader tf_logging.py:120] Found more than one metagraph event per run. Overwriting the metagraph with the newest event.
W0917 20:23:36.607221 140046945683200 tf_logging.py:120] Found more than one metagraph event per run. Overwriting the metagraph with the newest event.
W0917 20:23:36.645001 Reloader tf_logging.py:120] Found more than one graph event per run, or there was a metagraph containing a graph_def, as well as one or more graph events.  Overwriting the graph with the newest event.
W0917 20:23:36.645000 140046945683200 tf_logging.py:120] Found more than one graph event per run, or there was a metagraph containing a graph_def, as well as one or more graph events.  Overwriting the graph with the newest event.
W0917 20:23:36.661003 Reloader tf_logging.py:120] Found more than one metagraph event per run. Overwriting the metagraph with the newest event.
W0917 20:23:36.661003 140046945683200 tf_logging.py:120] Found more than one metagraph event per run. Overwriting the metagraph with the newest event.
W0917 20:23:38.409090 Reloader tf_logging.py:120] Found more than one graph event per run, or there was a metagraph containing a graph_def, as well as one or more graph events.  Overwriting the graph with the newest event.
W0917 20:23:38.409090 140046945683200 tf_logging.py:120] Found more than one graph event per run, or there was a metagraph containing a graph_def, as well as one or more graph events.  Overwriting the graph with the newest event.
W0917 20:23:38.433916 Reloader tf_logging.py:120] Found more than one metagraph event per run. Overwriting the metagraph with the newest event.
W0917 20:23:38.433916 140046945683200 tf_logging.py:120] Found more than one metagraph event per run. Overwriting the metagraph with the newest event.
W0917 20:23:38.436998 Reloader tf_logging.py:120] Detected out of order event.step likely caused by a TensorFlow restart. Purging 14 expired tensor events from Tensorboard display between the previous step: 14301 (timestamp: 1536176420.547456) and current step: 14207 (timestamp: 1536187823.440276).
W0917 20:23:38.436998 140046945683200 tf_logging.py:120] Detected out of order event.step likely caused by a TensorFlow restart. Purging 14 expired tensor events from Tensorboard display between the previous step: 14301 (timestamp: 1536176420.547456) and current step: 14207 (timestamp: 1536187823.440276).
W0917 20:23:45.723338 Reloader tf_logging.py:120] Found more than one graph event per run, or there was a metagraph containing a graph_def, as well as one or more graph events.  Overwriting the graph with the newest event.
W0917 20:23:45.723338 140046945683200 tf_logging.py:120] Found more than one graph event per run, or there was a metagraph containing a graph_def, as well as one or more graph events.  Overwriting the graph with the newest event.
W0917 20:23:45.736398 Reloader tf_logging.py:120] Found more than one metagraph event per run. Overwriting the metagraph with the newest event.
W0917 20:23:45.736398 140046945683200 tf_logging.py:120] Found more than one metagraph event per run. Overwriting the metagraph with the newest event.
W0917 20:23:48.381605 Reloader tf_logging.py:120] Found more than one graph event per run, or there was a metagraph containing a graph_def, as well as one or more graph events.  Overwriting the graph with the newest event.
W0917 20:23:48.381605 140474816165632 tf_logging.py:120] Found more than one graph event per run, or there was a metagraph containing a graph_def, as well as one or more graph events.  Overwriting the graph with the newest event.
W0917 20:23:48.417798 Reloader tf_logging.py:120] Found more than one metagraph event per run. Overwriting the metagraph with the newest event.
W0917 20:23:48.417798 140474816165632 tf_logging.py:120] Found more than one metagraph event per run. Overwriting the metagraph with the newest event.
W0917 20:23:48.483501 Reloader tf_logging.py:120] Found more than one graph event per run, or there was a metagraph containing a graph_def, as well as one or more graph events.  Overwriting the graph with the newest event.
W0917 20:23:48.483501 140474816165632 tf_logging.py:120] Found more than one graph event per run, or there was a metagraph containing a graph_def, as well as one or more graph events.  Overwriting the graph with the newest event.
W0917 20:23:48.511404 Reloader tf_logging.py:120] Found more than one metagraph event per run. Overwriting the metagraph with the newest event.
W0917 20:23:48.511404 140474816165632 tf_logging.py:120] Found more than one metagraph event per run. Overwriting the metagraph with the newest event.
W0917 20:23:48.526558 Reloader tf_logging.py:120] Found more than one graph event per run, or there was a metagraph containing a graph_def, as well as one or more graph events.  Overwriting the graph with the newest event.
W0917 20:23:48.526558 140474816165632 tf_logging.py:120] Found more than one graph event per run, or there was a metagraph containing a graph_def, as well as one or more graph events.  Overwriting the graph with the newest event.
W0917 20:23:48.555696 Reloader tf_logging.py:120] Found more than one metagraph event per run. Overwriting the metagraph with the newest event.
W0917 20:23:48.555696 140474816165632 tf_logging.py:120] Found more than one metagraph event per run. Overwriting the metagraph with the newest event.
TensorBoard 1.10.0 at http://tricky:6006 (Press CTRL+C to quit)
W0917 20:23:48.889949 Reloader tf_logging.py:120] Found more than one graph event per run, or there was a metagraph containing a graph_def, as well as one or more graph events.  Overwriting the graph with the newest event.
W0917 20:23:48.889949 140474816165632 tf_logging.py:120] Found more than one graph event per run, or there was a metagraph containing a graph_def, as well as one or more graph events.  Overwriting the graph with the newest event.
W0917 20:23:48.910318 Reloader tf_logging.py:120] Found more than one metagraph event per run. Overwriting the metagraph with the newest event.
W0917 20:23:48.910318 140474816165632 tf_logging.py:120] Found more than one metagraph event per run. Overwriting the metagraph with the newest event.
W0917 20:23:48.916160 Reloader tf_logging.py:120] Detected out of order event.step likely caused by a TensorFlow restart. Purging 14 expired tensor events from Tensorboard display between the previous step: 13501 (timestamp: 1536176417.2034173) and current step: 13412 (timestamp: 1536187823.3063376).
W0917 20:23:48.916160 140474816165632 tf_logging.py:120] Detected out of order event.step likely caused by a TensorFlow restart. Purging 14 expired tensor events from Tensorboard display between the previous step: 13501 (timestamp: 1536176417.2034173) and current step: 13412 (timestamp: 1536187823.3063376).
W0917 20:23:50.345563 Reloader tf_logging.py:120] Found more than one graph event per run, or there was a metagraph containing a graph_def, as well as one or more graph events.  Overwriting the graph with the newest event.
W0917 20:23:50.345563 140474816165632 tf_logging.py:120] Found more than one graph event per run, or there was a metagraph containing a graph_def, as well as one or more graph events.  Overwriting the graph with the newest event.
W0917 20:23:50.386478 Reloader tf_logging.py:120] Found more than one metagraph event per run. Overwriting the metagraph with the newest event.
W0917 20:23:50.386478 140474816165632 tf_logging.py:120] Found more than one metagraph event per run. Overwriting the metagraph with the newest event.
W0917 20:23:50.391221 Reloader tf_logging.py:120] Detected out of order event.step likely caused by a TensorFlow restart. Purging 14 expired tensor events from Tensorboard display between the previous step: 5901 (timestamp: 1537227498.1115766) and current step: 5807 (timestamp: 1537227910.1490612).
W0917 20:23:50.391221 140474816165632 tf_logging.py:120] Detected out of order event.step likely caused by a TensorFlow restart. Purging 14 expired tensor events from Tensorboard display between the previous step: 5901 (timestamp: 1537227498.1115766) and current step: 5807 (timestamp: 1537227910.1490612).
W0917 20:23:57.700585 Reloader tf_logging.py:120] Found more than one graph event per run, or there was a metagraph containing a graph_def, as well as one or more graph events.  Overwriting the graph with the newest event.
W0917 20:23:57.700585 140474816165632 tf_logging.py:120] Found more than one graph event per run, or there was a metagraph containing a graph_def, as well as one or more graph events.  Overwriting the graph with the newest event.
W0917 20:23:57.710573 Reloader tf_logging.py:120] Found more than one metagraph event per run. Overwriting the metagraph with the newest event.
W0917 20:23:57.710573 140474816165632 tf_logging.py:120] Found more than one metagraph event per run. Overwriting the metagraph with the newest event.
W0917 20:24:03.562121 Reloader tf_logging.py:120] Found more than one graph event per run, or there was a metagraph containing a graph_def, as well as one or more graph events.  Overwriting the graph with the newest event.
W0917 20:24:03.562120 140474816165632 tf_logging.py:120] Found more than one graph event per run, or there was a metagraph containing a graph_def, as well as one or more graph events.  Overwriting the graph with the newest event.
W0917 20:24:03.578240 Reloader tf_logging.py:120] Found more than one metagraph event per run. Overwriting the metagraph with the newest event.
W0917 20:24:03.578240 140474816165632 tf_logging.py:120] Found more than one metagraph event per run. Overwriting the metagraph with the newest event.
W0917 20:24:03.580805 Reloader tf_logging.py:120] Detected out of order event.step likely caused by a TensorFlow restart. Purging 14 expired tensor events from Tensorboard display between the previous step: 14301 (timestamp: 1536176420.547456) and current step: 14207 (timestamp: 1536187823.440276).
W0917 20:24:03.580805 140474816165632 tf_logging.py:120] Detected out of order event.step likely caused by a TensorFlow restart. Purging 14 expired tensor events from Tensorboard display between the previous step: 14301 (timestamp: 1536176420.547456) and current step: 14207 (timestamp: 1536187823.440276).
W0917 20:24:04.701560 Reloader tf_logging.py:120] Found more than one graph event per run, or there was a metagraph containing a graph_def, as well as one or more graph events.  Overwriting the graph with the newest event.
W0917 20:24:04.701560 140474816165632 tf_logging.py:120] Found more than one graph event per run, or there was a metagraph containing a graph_def, as well as one or more graph events.  Overwriting the graph with the newest event.
W0917 20:24:04.720176 Reloader tf_logging.py:120] Found more than one metagraph event per run. Overwriting the metagraph with the newest event.
W0917 20:24:04.720175 140474816165632 tf_logging.py:120] Found more than one metagraph event per run. Overwriting the metagraph with the newest event.
W0917 20:24:04.953914 Reloader tf_logging.py:120] Found more than one graph event per run, or there was a metagraph containing a graph_def, as well as one or more graph events.  Overwriting the graph with the newest event.
W0917 20:24:04.953914 140474816165632 tf_logging.py:120] Found more than one graph event per run, or there was a metagraph containing a graph_def, as well as one or more graph events.  Overwriting the graph with the newest event.
W0917 20:24:04.969847 Reloader tf_logging.py:120] Found more than one metagraph event per run. Overwriting the metagraph with the newest event.
W0917 20:24:04.969847 140474816165632 tf_logging.py:120] Found more than one metagraph event per run. Overwriting the metagraph with the newest event.
W0917 20:24:05.010902 Reloader tf_logging.py:120] Found more than one graph event per run, or there was a metagraph containing a graph_def, as well as one or more graph events.  Overwriting the graph with the newest event.
W0917 20:24:05.010901 140474816165632 tf_logging.py:120] Found more than one graph event per run, or there was a metagraph containing a graph_def, as well as one or more graph events.  Overwriting the graph with the newest event.
W0917 20:24:05.032068 Reloader tf_logging.py:120] Found more than one metagraph event per run. Overwriting the metagraph with the newest event.
W0917 20:24:05.032068 140474816165632 tf_logging.py:120] Found more than one metagraph event per run. Overwriting the metagraph with the newest event.
W0917 20:24:05.050415 Reloader tf_logging.py:120] Found more than one graph event per run, or there was a metagraph containing a graph_def, as well as one or more graph events.  Overwriting the graph with the newest event.
W0917 20:24:05.050415 140474816165632 tf_logging.py:120] Found more than one graph event per run, or there was a metagraph containing a graph_def, as well as one or more graph events.  Overwriting the graph with the newest event.
W0917 20:24:05.064003 Reloader tf_logging.py:120] Found more than one metagraph event per run. Overwriting the metagraph with the newest event.
W0917 20:24:05.064002 140474816165632 tf_logging.py:120] Found more than one metagraph event per run. Overwriting the metagraph with the newest event.
W0917 20:24:05.299230 Reloader tf_logging.py:120] Found more than one graph event per run, or there was a metagraph containing a graph_def, as well as one or more graph events.  Overwriting the graph with the newest event.
W0917 20:24:05.299230 140474816165632 tf_logging.py:120] Found more than one graph event per run, or there was a metagraph containing a graph_def, as well as one or more graph events.  Overwriting the graph with the newest event.
W0917 20:24:05.315393 Reloader tf_logging.py:120] Found more than one metagraph event per run. Overwriting the metagraph with the newest event.
W0917 20:24:05.315393 140474816165632 tf_logging.py:120] Found more than one metagraph event per run. Overwriting the metagraph with the newest event.
W0917 20:24:13.120502 Reloader tf_logging.py:120] Found more than one graph event per run, or there was a metagraph containing a graph_def, as well as one or more graph events.  Overwriting the graph with the newest event.
W0917 20:24:13.120501 140474816165632 tf_logging.py:120] Found more than one graph event per run, or there was a metagraph containing a graph_def, as well as one or more graph events.  Overwriting the graph with the newest event.
W0917 20:24:13.140211 Reloader tf_logging.py:120] Found more than one metagraph event per run. Overwriting the metagraph with the newest event.
W0917 20:24:13.140211 140474816165632 tf_logging.py:120] Found more than one metagraph event per run. Overwriting the metagraph with the newest event.
W0917 20:24:17.112424 Reloader tf_logging.py:120] Found more than one graph event per run, or there was a metagraph containing a graph_def, as well as one or more graph events.  Overwriting the graph with the newest event.
W0917 20:24:17.112424 140474816165632 tf_logging.py:120] Found more than one graph event per run, or there was a metagraph containing a graph_def, as well as one or more graph events.  Overwriting the graph with the newest event.
W0917 20:24:17.125664 Reloader tf_logging.py:120] Found more than one metagraph event per run. Overwriting the metagraph with the newest event.
W0917 20:24:17.125664 140474816165632 tf_logging.py:120] Found more than one metagraph event per run. Overwriting the metagraph with the newest event.
W0917 20:24:17.389034 Reloader tf_logging.py:120] Found more than one graph event per run, or there was a metagraph containing a graph_def, as well as one or more graph events.  Overwriting the graph with the newest event.
W0917 20:24:17.389034 140474816165632 tf_logging.py:120] Found more than one graph event per run, or there was a metagraph containing a graph_def, as well as one or more graph events.  Overwriting the graph with the newest event.
W0917 20:24:17.419771 Reloader tf_logging.py:120] Found more than one metagraph event per run. Overwriting the metagraph with the newest event.
W0917 20:24:17.419770 140474816165632 tf_logging.py:120] Found more than one metagraph event per run. Overwriting the metagraph with the newest event.
W0917 20:24:17.466307 Reloader tf_logging.py:120] Found more than one graph event per run, or there was a metagraph containing a graph_def, as well as one or more graph events.  Overwriting the graph with the newest event.
W0917 20:24:17.466306 140474816165632 tf_logging.py:120] Found more than one graph event per run, or there was a metagraph containing a graph_def, as well as one or more graph events.  Overwriting the graph with the newest event.
W0917 20:24:17.491501 Reloader tf_logging.py:120] Found more than one metagraph event per run. Overwriting the metagraph with the newest event.
W0917 20:24:17.491501 140474816165632 tf_logging.py:120] Found more than one metagraph event per run. Overwriting the metagraph with the newest event.
W0917 20:24:17.519124 Reloader tf_logging.py:120] Found more than one graph event per run, or there was a metagraph containing a graph_def, as well as one or more graph events.  Overwriting the graph with the newest event.
W0917 20:24:17.519124 140474816165632 tf_logging.py:120] Found more than one graph event per run, or there was a metagraph containing a graph_def, as well as one or more graph events.  Overwriting the graph with the newest event.
W0917 20:24:17.549346 Reloader tf_logging.py:120] Found more than one metagraph event per run. Overwriting the metagraph with the newest event.
W0917 20:24:17.549346 140474816165632 tf_logging.py:120] Found more than one metagraph event per run. Overwriting the metagraph with the newest event.
W0917 20:24:17.670671 Reloader tf_logging.py:120] Found more than one graph event per run, or there was a metagraph containing a graph_def, as well as one or more graph events.  Overwriting the graph with the newest event.
W0917 20:24:17.670671 140474816165632 tf_logging.py:120] Found more than one graph event per run, or there was a metagraph containing a graph_def, as well as one or more graph events.  Overwriting the graph with the newest event.
W0917 20:24:17.691004 Reloader tf_logging.py:120] Found more than one metagraph event per run. Overwriting the metagraph with the newest event.
W0917 20:24:17.691004 140474816165632 tf_logging.py:120] Found more than one metagraph event per run. Overwriting the metagraph with the newest event.
W0917 20:24:19.357635 Reloader tf_logging.py:120] Found more than one graph event per run, or there was a metagraph containing a graph_def, as well as one or more graph events.  Overwriting the graph with the newest event.
W0917 20:24:19.357635 140474816165632 tf_logging.py:120] Found more than one graph event per run, or there was a metagraph containing a graph_def, as well as one or more graph events.  Overwriting the graph with the newest event.
W0917 20:24:19.370771 Reloader tf_logging.py:120] Found more than one metagraph event per run. Overwriting the metagraph with the newest event.
W0917 20:24:19.370771 140474816165632 tf_logging.py:120] Found more than one metagraph event per run. Overwriting the metagraph with the newest event.
W0917 20:24:19.416400 Reloader tf_logging.py:120] Found more than one graph event per run, or there was a metagraph containing a graph_def, as well as one or more graph events.  Overwriting the graph with the newest event.
W0917 20:24:19.416400 140474816165632 tf_logging.py:120] Found more than one graph event per run, or there was a metagraph containing a graph_def, as well as one or more graph events.  Overwriting the graph with the newest event.
W0917 20:24:19.433629 Reloader tf_logging.py:120] Found more than one metagraph event per run. Overwriting the metagraph with the newest event.
W0917 20:24:19.433629 140474816165632 tf_logging.py:120] Found more than one metagraph event per run. Overwriting the metagraph with the newest event.
W0917 20:24:19.447333 Reloader tf_logging.py:120] Found more than one graph event per run, or there was a metagraph containing a graph_def, as well as one or more graph events.  Overwriting the graph with the newest event.
W0917 20:24:19.447333 140474816165632 tf_logging.py:120] Found more than one graph event per run, or there was a metagraph containing a graph_def, as well as one or more graph events.  Overwriting the graph with the newest event.
W0917 20:24:19.463257 Reloader tf_logging.py:120] Found more than one metagraph event per run. Overwriting the metagraph with the newest event.
W0917 20:24:19.463257 140474816165632 tf_logging.py:120] Found more than one metagraph event per run. Overwriting the metagraph with the newest event.
W0917 20:24:20.975880 Reloader tf_logging.py:120] Found more than one graph event per run, or there was a metagraph containing a graph_def, as well as one or more graph events.  Overwriting the graph with the newest event.
W0917 20:24:20.975880 140474816165632 tf_logging.py:120] Found more than one graph event per run, or there was a metagraph containing a graph_def, as well as one or more graph events.  Overwriting the graph with the newest event.
W0917 20:24:20.991775 Reloader tf_logging.py:120] Found more than one metagraph event per run. Overwriting the metagraph with the newest event.
W0917 20:24:20.991775 140474816165632 tf_logging.py:120] Found more than one metagraph event per run. Overwriting the metagraph with the newest event.
W0917 20:24:21.035880 Reloader tf_logging.py:120] Found more than one graph event per run, or there was a metagraph containing a graph_def, as well as one or more graph events.  Overwriting the graph with the newest event.
W0917 20:24:21.035880 140474816165632 tf_logging.py:120] Found more than one graph event per run, or there was a metagraph containing a graph_def, as well as one or more graph events.  Overwriting the graph with the newest event.
W0917 20:24:21.054055 Reloader tf_logging.py:120] Found more than one metagraph event per run. Overwriting the metagraph with the newest event.
W0917 20:24:21.054055 140474816165632 tf_logging.py:120] Found more than one metagraph event per run. Overwriting the metagraph with the newest event.
W0917 20:24:21.072415 Reloader tf_logging.py:120] Found more than one graph event per run, or there was a metagraph containing a graph_def, as well as one or more graph events.  Overwriting the graph with the newest event.
W0917 20:24:21.072415 140474816165632 tf_logging.py:120] Found more than one graph event per run, or there was a metagraph containing a graph_def, as well as one or more graph events.  Overwriting the graph with the newest event.
W0917 20:24:21.085723 Reloader tf_logging.py:120] Found more than one metagraph event per run. Overwriting the metagraph with the newest event.
W0917 20:24:21.085722 140474816165632 tf_logging.py:120] Found more than one metagraph event per run. Overwriting the metagraph with the newest event.
W0917 20:24:24.161008 Reloader tf_logging.py:120] Found more than one graph event per run, or there was a metagraph containing a graph_def, as well as one or more graph events.  Overwriting the graph with the newest event.
W0917 20:24:24.161008 140474816165632 tf_logging.py:120] Found more than one graph event per run, or there was a metagraph containing a graph_def, as well as one or more graph events.  Overwriting the graph with the newest event.
W0917 20:24:24.185056 Reloader tf_logging.py:120] Found more than one metagraph event per run. Overwriting the metagraph with the newest event.
W0917 20:24:24.185056 140474816165632 tf_logging.py:120] Found more than one metagraph event per run. Overwriting the metagraph with the newest event.
W0917 20:24:24.188357 Reloader tf_logging.py:120] Detected out of order event.step likely caused by a TensorFlow restart. Purging 28 expired tensor events from Tensorboard display between the previous step: 13501 (timestamp: 1536176432.1778126) and current step: 13400 (timestamp: 1536187824.198485).
W0917 20:24:24.188357 140474816165632 tf_logging.py:120] Detected out of order event.step likely caused by a TensorFlow restart. Purging 28 expired tensor events from Tensorboard display between the previous step: 13501 (timestamp: 1536176432.1778126) and current step: 13400 (timestamp: 1536187824.198485).
W0917 20:24:25.362771 Reloader tf_logging.py:120] Found more than one graph event per run, or there was a metagraph containing a graph_def, as well as one or more graph events.  Overwriting the graph with the newest event.
W0917 20:24:25.362771 140474816165632 tf_logging.py:120] Found more than one graph event per run, or there was a metagraph containing a graph_def, as well as one or more graph events.  Overwriting the graph with the newest event.
W0917 20:24:25.387359 Reloader tf_logging.py:120] Found more than one metagraph event per run. Overwriting the metagraph with the newest event.
W0917 20:24:25.387359 140474816165632 tf_logging.py:120] Found more than one metagraph event per run. Overwriting the metagraph with the newest event.
W0917 20:24:25.437693 Reloader tf_logging.py:120] Found more than one graph event per run, or there was a metagraph containing a graph_def, as well as one or more graph events.  Overwriting the graph with the newest event.
W0917 20:24:25.437693 140474816165632 tf_logging.py:120] Found more than one graph event per run, or there was a metagraph containing a graph_def, as well as one or more graph events.  Overwriting the graph with the newest event.
W0917 20:24:25.465109 Reloader tf_logging.py:120] Found more than one metagraph event per run. Overwriting the metagraph with the newest event.
W0917 20:24:25.465109 140474816165632 tf_logging.py:120] Found more than one metagraph event per run. Overwriting the metagraph with the newest event.
W0917 20:24:25.493688 Reloader tf_logging.py:120] Found more than one graph event per run, or there was a metagraph containing a graph_def, as well as one or more graph events.  Overwriting the graph with the newest event.
W0917 20:24:25.493688 140474816165632 tf_logging.py:120] Found more than one graph event per run, or there was a metagraph containing a graph_def, as well as one or more graph events.  Overwriting the graph with the newest event.
W0917 20:24:25.528772 Reloader tf_logging.py:120] Found more than one metagraph event per run. Overwriting the metagraph with the newest event.
W0917 20:24:25.528772 140474816165632 tf_logging.py:120] Found more than one metagraph event per run. Overwriting the metagraph with the newest event.
W0917 20:24:28.602423 Reloader tf_logging.py:120] Found more than one graph event per run, or there was a metagraph containing a graph_def, as well as one or more graph events.  Overwriting the graph with the newest event.
W0917 20:24:28.602423 140474816165632 tf_logging.py:120] Found more than one graph event per run, or there was a metagraph containing a graph_def, as well as one or more graph events.  Overwriting the graph with the newest event.
W0917 20:24:28.621993 Reloader tf_logging.py:120] Found more than one metagraph event per run. Overwriting the metagraph with the newest event.
W0917 20:24:28.621993 140474816165632 tf_logging.py:120] Found more than one metagraph event per run. Overwriting the metagraph with the newest event.
W0917 20:24:28.625941 Reloader tf_logging.py:120] Detected out of order event.step likely caused by a TensorFlow restart. Purging 14 expired tensor events from Tensorboard display between the previous step: 13501 (timestamp: 1536176418.6806629) and current step: 13414 (timestamp: 1536187825.0620682).
W0917 20:24:28.625941 140474816165632 tf_logging.py:120] Detected out of order event.step likely caused by a TensorFlow restart. Purging 14 expired tensor events from Tensorboard display between the previous step: 13501 (timestamp: 1536176418.6806629) and current step: 13414 (timestamp: 1536187825.0620682).
W0917 20:24:29.858620 Reloader tf_logging.py:120] Found more than one graph event per run, or there was a metagraph containing a graph_def, as well as one or more graph events.  Overwriting the graph with the newest event.
W0917 20:24:29.858619 140474816165632 tf_logging.py:120] Found more than one graph event per run, or there was a metagraph containing a graph_def, as well as one or more graph events.  Overwriting the graph with the newest event.
W0917 20:24:29.875092 Reloader tf_logging.py:120] Found more than one metagraph event per run. Overwriting the metagraph with the newest event.
W0917 20:24:29.875092 140474816165632 tf_logging.py:120] Found more than one metagraph event per run. Overwriting the metagraph with the newest event.
W0917 20:24:29.916474 Reloader tf_logging.py:120] Found more than one graph event per run, or there was a metagraph containing a graph_def, as well as one or more graph events.  Overwriting the graph with the newest event.
W0917 20:24:29.916474 140474816165632 tf_logging.py:120] Found more than one graph event per run, or there was a metagraph containing a graph_def, as well as one or more graph events.  Overwriting the graph with the newest event.
W0917 20:24:29.934943 Reloader tf_logging.py:120] Found more than one metagraph event per run. Overwriting the metagraph with the newest event.
W0917 20:24:29.934943 140474816165632 tf_logging.py:120] Found more than one metagraph event per run. Overwriting the metagraph with the newest event.
W0917 20:24:29.949514 Reloader tf_logging.py:120] Found more than one graph event per run, or there was a metagraph containing a graph_def, as well as one or more graph events.  Overwriting the graph with the newest event.
W0917 20:24:29.949514 140474816165632 tf_logging.py:120] Found more than one graph event per run, or there was a metagraph containing a graph_def, as well as one or more graph events.  Overwriting the graph with the newest event.
W0917 20:24:29.976148 Reloader tf_logging.py:120] Found more than one metagraph event per run. Overwriting the metagraph with the newest event.
W0917 20:24:29.976147 140474816165632 tf_logging.py:120] Found more than one metagraph event per run. Overwriting the metagraph with the newest event.
W0917 20:24:30.283704 Reloader tf_logging.py:120] Found more than one graph event per run, or there was a metagraph containing a graph_def, as well as one or more graph events.  Overwriting the graph with the newest event.
W0917 20:24:30.283704 140474816165632 tf_logging.py:120] Found more than one graph event per run, or there was a metagraph containing a graph_def, as well as one or more graph events.  Overwriting the graph with the newest event.
W0917 20:24:30.305956 Reloader tf_logging.py:120] Found more than one metagraph event per run. Overwriting the metagraph with the newest event.
W0917 20:24:30.305956 140474816165632 tf_logging.py:120] Found more than one metagraph event per run. Overwriting the metagraph with the newest event.
W0917 20:24:31.452216 Reloader tf_logging.py:120] Found more than one graph event per run, or there was a metagraph containing a graph_def, as well as one or more graph events.  Overwriting the graph with the newest event.
W0917 20:24:31.452215 140474816165632 tf_logging.py:120] Found more than one graph event per run, or there was a metagraph containing a graph_def, as well as one or more graph events.  Overwriting the graph with the newest event.
W0917 20:24:31.471537 Reloader tf_logging.py:120] Found more than one metagraph event per run. Overwriting the metagraph with the newest event.
W0917 20:24:31.471537 140474816165632 tf_logging.py:120] Found more than one metagraph event per run. Overwriting the metagraph with the newest event.
W0917 20:24:34.553570 Reloader tf_logging.py:120] Found more than one graph event per run, or there was a metagraph containing a graph_def, as well as one or more graph events.  Overwriting the graph with the newest event.
W0917 20:24:34.553570 140474816165632 tf_logging.py:120] Found more than one graph event per run, or there was a metagraph containing a graph_def, as well as one or more graph events.  Overwriting the graph with the newest event.
W0917 20:24:34.572945 Reloader tf_logging.py:120] Found more than one metagraph event per run. Overwriting the metagraph with the newest event.
W0917 20:24:34.572945 140474816165632 tf_logging.py:120] Found more than one metagraph event per run. Overwriting the metagraph with the newest event.
W0917 20:24:34.604988 Reloader tf_logging.py:120] Found more than one graph event per run, or there was a metagraph containing a graph_def, as well as one or more graph events.  Overwriting the graph with the newest event.
W0917 20:24:34.604988 140474816165632 tf_logging.py:120] Found more than one graph event per run, or there was a metagraph containing a graph_def, as well as one or more graph events.  Overwriting the graph with the newest event.
W0917 20:24:34.618577 Reloader tf_logging.py:120] Found more than one metagraph event per run. Overwriting the metagraph with the newest event.
W0917 20:24:34.618577 140474816165632 tf_logging.py:120] Found more than one metagraph event per run. Overwriting the metagraph with the newest event.
W0917 20:24:34.632035 Reloader tf_logging.py:120] Found more than one graph event per run, or there was a metagraph containing a graph_def, as well as one or more graph events.  Overwriting the graph with the newest event.
W0917 20:24:34.632035 140474816165632 tf_logging.py:120] Found more than one graph event per run, or there was a metagraph containing a graph_def, as well as one or more graph events.  Overwriting the graph with the newest event.
W0917 20:24:34.641092 Reloader tf_logging.py:120] Found more than one metagraph event per run. Overwriting the metagraph with the newest event.
W0917 20:24:34.641092 140474816165632 tf_logging.py:120] Found more than one metagraph event per run. Overwriting the metagraph with the newest event.
W0917 20:24:34.940922 Reloader tf_logging.py:120] Found more than one graph event per run, or there was a metagraph containing a graph_def, as well as one or more graph events.  Overwriting the graph with the newest event.
W0917 20:24:34.940922 140474816165632 tf_logging.py:120] Found more than one graph event per run, or there was a metagraph containing a graph_def, as well as one or more graph events.  Overwriting the graph with the newest event.
W0917 20:24:34.972807 Reloader tf_logging.py:120] Found more than one metagraph event per run. Overwriting the metagraph with the newest event.
W0917 20:24:34.972806 140474816165632 tf_logging.py:120] Found more than one metagraph event per run. Overwriting the metagraph with the newest event.
W0917 20:24:34.977777 Reloader tf_logging.py:120] Detected out of order event.step likely caused by a TensorFlow restart. Purging 14 expired tensor events from Tensorboard display between the previous step: 5901 (timestamp: 1537227490.4272022) and current step: 5814 (timestamp: 1537227910.5619712).
W0917 20:24:34.977777 140474816165632 tf_logging.py:120] Detected out of order event.step likely caused by a TensorFlow restart. Purging 14 expired tensor events from Tensorboard display between the previous step: 5901 (timestamp: 1537227490.4272022) and current step: 5814 (timestamp: 1537227910.5619712).
